{"/Volumes/Daniel7w7rSSD/programacion/TVmaze/src/assets/images/star.png": {"path":"/Volumes/Daniel7w7rSSD/programacion/TVmaze/src/assets/images/star.png","statementMap":{"0":{"start":{"line":1,"column":0},"end":{"line":4,"column":6}}},"fnMap":{},"branchMap":{},"s":{"0":1},"f":{},"b":{},"inputSourceMap":null,"_coverageSchema":"1a1c01bbd47fc00a2c39e90264f33305004495a9","hash":"26a8433250e9f711a750206938fbd6706eb82b9f"}
,"/Volumes/Daniel7w7rSSD/programacion/TVmaze/src/components/ImageIcon/ImageIcon.tsx": {"path":"/Volumes/Daniel7w7rSSD/programacion/TVmaze/src/components/ImageIcon/ImageIcon.tsx","statementMap":{"0":{"start":{"line":10,"column":2},"end":{"line":18,"column":4}}},"fnMap":{"0":{"name":"ImageIcon","decl":{"start":{"line":9,"column":16},"end":{"line":9,"column":25}},"loc":{"start":{"line":9,"column":70},"end":{"line":19,"column":1}},"line":9}},"branchMap":{"0":{"loc":{"start":{"line":9,"column":42},"end":{"line":9,"column":51}},"type":"default-arg","locations":[{"start":{"line":9,"column":49},"end":{"line":9,"column":51}}],"line":9}},"s":{"0":2},"f":{"0":2},"b":{"0":[2]},"_coverageSchema":"1a1c01bbd47fc00a2c39e90264f33305004495a9","hash":"94f3ccd9ea487cc8bdd04c1ef6a656f24caca38c"}
,"/Volumes/Daniel7w7rSSD/programacion/TVmaze/src/components/StarRating/StarRating.tsx": {"path":"/Volumes/Daniel7w7rSSD/programacion/TVmaze/src/components/StarRating/StarRating.tsx","statementMap":{"0":{"start":{"line":8,"column":17},"end":{"line":8,"column":56}},"1":{"start":{"line":14,"column":2},"end":{"line":16,"column":3}},"2":{"start":{"line":15,"column":4},"end":{"line":15,"column":16}},"3":{"start":{"line":18,"column":2},"end":{"line":25,"column":4}},"4":{"start":{"line":28,"column":15},"end":{"line":37,"column":2}}},"fnMap":{"0":{"name":"StarRating","decl":{"start":{"line":13,"column":16},"end":{"line":13,"column":26}},"loc":{"start":{"line":13,"column":44},"end":{"line":26,"column":1}},"line":13}},"branchMap":{"0":{"loc":{"start":{"line":14,"column":2},"end":{"line":16,"column":3}},"type":"if","locations":[{"start":{"line":14,"column":2},"end":{"line":16,"column":3}},{"start":{},"end":{}}],"line":14},"1":{"loc":{"start":{"line":20,"column":29},"end":{"line":20,"column":64}},"type":"cond-expr","locations":[{"start":{"line":20,"column":50},"end":{"line":20,"column":55}},{"start":{"line":20,"column":58},"end":{"line":20,"column":64}}],"line":20}},"s":{"0":1,"1":3,"2":1,"3":2,"4":1},"f":{"0":3},"b":{"0":[1,2],"1":[0,2]},"_coverageSchema":"1a1c01bbd47fc00a2c39e90264f33305004495a9","hash":"8c7840aa6aa5b4822e5a7b8ae318a6903540adb6"}
,"/Volumes/Daniel7w7rSSD/programacion/TVmaze/src/models/CommonModels.ts": {"path":"/Volumes/Daniel7w7rSSD/programacion/TVmaze/src/models/CommonModels.ts","statementMap":{},"fnMap":{},"branchMap":{},"s":{},"f":{},"b":{},"_coverageSchema":"1a1c01bbd47fc00a2c39e90264f33305004495a9","hash":"e69784f4f3f9c71c1a1040ff95b22d7eb8d5c28d"}
,"/Volumes/Daniel7w7rSSD/programacion/TVmaze/src/services/api.ts": {"path":"/Volumes/Daniel7w7rSSD/programacion/TVmaze/src/services/api.ts","statementMap":{"0":{"start":{"line":3,"column":24},"end":{"line":3,"column":49}},"1":{"start":{"line":5,"column":19},"end":{"line":7,"column":2}}},"fnMap":{},"branchMap":{},"s":{"0":1,"1":1},"f":{},"b":{},"_coverageSchema":"1a1c01bbd47fc00a2c39e90264f33305004495a9","hash":"0364e1a83e695198c9fc1f97700b3ceac6e72e83"}
,"/Volumes/Daniel7w7rSSD/programacion/TVmaze/src/styles/colors.ts": {"path":"/Volumes/Daniel7w7rSSD/programacion/TVmaze/src/styles/colors.ts","statementMap":{"0":{"start":{"line":1,"column":22},"end":{"line":9,"column":1}}},"fnMap":{},"branchMap":{},"s":{"0":1},"f":{},"b":{},"_coverageSchema":"1a1c01bbd47fc00a2c39e90264f33305004495a9","hash":"9035d4599f4d39c9d57444585d394d8f26c3ef92"}
,"/Volumes/Daniel7w7rSSD/programacion/TVmaze/test/mocks/showMocks.ts": {"path":"/Volumes/Daniel7w7rSSD/programacion/TVmaze/test/mocks/showMocks.ts","statementMap":{"0":{"start":{"line":5,"column":19},"end":{"line":34,"column":1}},"1":{"start":{"line":36,"column":26},"end":{"line":63,"column":1}},"2":{"start":{"line":65,"column":26},"end":{"line":92,"column":1}},"3":{"start":{"line":94,"column":27},"end":{"line":121,"column":1}},"4":{"start":{"line":123,"column":27},"end":{"line":150,"column":1}},"5":{"start":{"line":152,"column":20},"end":{"line":152,"column":62}},"6":{"start":{"line":154,"column":25},"end":{"line":161,"column":1}}},"fnMap":{},"branchMap":{},"s":{"0":1,"1":1,"2":1,"3":1,"4":1,"5":1,"6":1},"f":{},"b":{},"_coverageSchema":"1a1c01bbd47fc00a2c39e90264f33305004495a9","hash":"4bb0273e07704e418b573013745a04bbb45d6a6d"}
,"/Volumes/Daniel7w7rSSD/programacion/TVmaze/test/server/handlers.ts": {"path":"/Volumes/Daniel7w7rSSD/programacion/TVmaze/test/server/handlers.ts","statementMap":{"0":{"start":{"line":5,"column":24},"end":{"line":9,"column":1}},"1":{"start":{"line":7,"column":4},"end":{"line":7,"column":66}}},"fnMap":{"0":{"name":"(anonymous_0)","decl":{"start":{"line":6,"column":48},"end":{"line":6,"column":49}},"loc":{"start":{"line":6,"column":68},"end":{"line":8,"column":3}},"line":6}},"branchMap":{},"s":{"0":1,"1":0},"f":{"0":0},"b":{},"_coverageSchema":"1a1c01bbd47fc00a2c39e90264f33305004495a9","hash":"12809f853f9fe40566cd29f914aca389c9b63b67"}
,"/Volumes/Daniel7w7rSSD/programacion/TVmaze/test/server/server.ts": {"path":"/Volumes/Daniel7w7rSSD/programacion/TVmaze/test/server/server.ts","statementMap":{"0":{"start":{"line":4,"column":22},"end":{"line":4,"column":46}}},"fnMap":{},"branchMap":{},"s":{"0":1},"f":{},"b":{},"_coverageSchema":"1a1c01bbd47fc00a2c39e90264f33305004495a9","hash":"2996930ff3836394a79dad7ecd6b9136c9c33056"}
}
